QuestaSim vlog 10.6c Compiler 2017.07 Jul 25 2017
Start time: 22:14:25 on Jul 21,2022
vlog -sv "+acc" "+cover" "+fcover" -l fifo_compile.log -f ../fifo_compile.f 
** Note: (vlog-2286) ../../fifo_tb_files/testbench_top.sv(2): Using implicit +incdir+/tools/mentor/questasim_10.6c/questasim/uvm-1.1d/../verilog_src/uvm-1.1d/src from import uvm_pkg
** Warning: ** while parsing file included at ../../fifo_tb_files/testbench_top.sv(4)
** at ../../fifo_tb_files//write_fifo_seq_item.sv(13): (vlog-2283) Extra semicolon in $unit (global) scope.
-- Compiling package testbench_top_sv_unit
-- Importing package mtiUvm.uvm_pkg (uvm-1.1d Built-in)
** Warning: ../../fifo_tb_files//write_fifo_sequence.sv(42): (vlog-2240) Treating stand-alone use of function 'randomize' as an implicit VOID cast.
-- Compiling interface fifo_if
-- Compiling module top
** Error: (vlog-13069) ../../fifo_tb_files/write_fifo_seq_item.sv(1): near "uvm_sequence_item": syntax error, unexpected IDENTIFIER.
** Error: ../../fifo_tb_files/write_fifo_seq_item.sv(1): Error in class extension specification.
** Error: (vlog-13069) ../../fifo_tb_files/write_fifo_seq_item.sv(1): near "uvm_sequence": syntax error, unexpected IDENTIFIER.
** Error: ../../fifo_tb_files/write_fifo_seq_item.sv(1): Error in class extension specification.
** Error: (vlog-13069) ../../fifo_tb_files/write_fifo_seq_item.sv(1): near "#": syntax error, unexpected '#', expecting class.
** Warning: ../../fifo_tb_files/write_fifo_interface.sv(1): (vlog-2275) 'fifo_if' already exists and will be overwritten.
** Error: ../../fifo_tb_files/write_fifo_interface.sv(1): Illegal use of 'automatic' for variable declaration (clk).
** Error: ../../fifo_tb_files/write_fifo_interface.sv(1): Illegal use of 'automatic' for variable declaration (rst).
** Error: ../../fifo_tb_files/write_fifo_interface.sv(3): Illegal use of 'automatic' for variable declaration (data_in).
** Error: (vlog-13069) ../../fifo_tb_files/write_fifo_sequence.sv(1): near "(": syntax error, unexpected '(', expecting class.
** Error: (vlog-13069) ../../fifo_tb_files/write_fifo_test.sv(1): near "uvm_test": syntax error, unexpected IDENTIFIER.
** Error: ../../fifo_tb_files/write_fifo_test.sv(1): Error in class extension specification.
** Error: (vlog-13069) ../../fifo_tb_files/write_fifo_test.sv(1): near "uvm_env": syntax error, unexpected IDENTIFIER.
** Error: ../../fifo_tb_files/write_fifo_test.sv(1): Error in class extension specification.
** Error: (vlog-13069) ../../fifo_tb_files/write_fifo_test.sv(1): near "uvm_agent": syntax error, unexpected IDENTIFIER.
** Error: ../../fifo_tb_files/write_fifo_test.sv(1): Error in class extension specification.
** Error: (vlog-13069) ../../fifo_tb_files/write_fifo_test.sv(4): near "uvm_driver": syntax error, unexpected IDENTIFIER.
** Error: ../../fifo_tb_files/write_fifo_test.sv(4): Error in class extension specification.
** Error: (vlog-13069) ../../fifo_tb_files/write_fifo_test.sv(4): near "#": syntax error, unexpected '#', expecting class.
End time: 22:14:26 on Jul 21,2022, Elapsed time: 0:00:01
Errors: 18, Warnings: 3
